Traceback (most recent call last):
  File "C:\Users\gabri\miniconda3\envs\material_programacio\Lib\site-packages\jupyter_cache\executors\utils.py", line 58, in single_nb_execution
    executenb(
  File "C:\Users\gabri\miniconda3\envs\material_programacio\Lib\site-packages\nbclient\client.py", line 1319, in execute
    return NotebookClient(nb=nb, resources=resources, km=km, **kwargs).execute()
           ^^^^^^^^^^^^^^^^^^^^^^^^^^^^^^^^^^^^^^^^^^^^^^^^^^^^^^^^^^^^^^^^^^^^^
  File "C:\Users\gabri\miniconda3\envs\material_programacio\Lib\site-packages\jupyter_core\utils\__init__.py", line 165, in wrapped
    return loop.run_until_complete(inner)
           ^^^^^^^^^^^^^^^^^^^^^^^^^^^^^^
  File "C:\Users\gabri\miniconda3\envs\material_programacio\Lib\asyncio\base_events.py", line 654, in run_until_complete
    return future.result()
           ^^^^^^^^^^^^^^^
  File "C:\Users\gabri\miniconda3\envs\material_programacio\Lib\site-packages\nbclient\client.py", line 709, in async_execute
    await self.async_execute_cell(
  File "C:\Users\gabri\miniconda3\envs\material_programacio\Lib\site-packages\nbclient\client.py", line 1062, in async_execute_cell
    await self._check_raise_for_error(cell, cell_index, exec_reply)
  File "C:\Users\gabri\miniconda3\envs\material_programacio\Lib\site-packages\nbclient\client.py", line 918, in _check_raise_for_error
    raise CellExecutionError.from_cell_and_msg(cell, exec_reply_content)
nbclient.exceptions.CellExecutionError: An error occurred while executing the following cell:
------------------
fiSequencia = -1
quantitat = 0

print(f"Escriu un conjunt de nombres acabat en {fiSequencia} i comptaré les parelles de '1' seguit de '2' que hi escriuràs")

# Ens situam sobre la primera parella
nombre_anterior = -1 # fixau-vos amb el valor inicial
nombre = int(input("introdueix un nombre: "))

while nombre != fiSequencia:  # mentre no final
    if nombre_anterior == 1 and nombre == 2:  # Tractam la parella actual
        quantitat = quantitat + 1

    # Seguent parella
    nombre_anterior = nombre  # el nombre previ és l'actual
    nombre = int(input("introdueix un nombre: "))  # l'actual es el següent de la seqüència

# Proporcionam els resultats
print(f"El nombre de parelles 1, 2 que has escrit és: {quantitat}")

------------------

----- stdout -----
Escriu un conjunt de nombres acabat en -1 i comptaré les parelles de '1' seguit de '2' que hi escriuràs
------------------

[1;31m---------------------------------------------------------------------------[0m
[1;31mStdinNotImplementedError[0m                  Traceback (most recent call last)
Cell [1;32mIn[1], line 8[0m
[0;32m      6[0m [38;5;66;03m# Ens situam sobre la primera parella[39;00m
[0;32m      7[0m nombre_anterior [38;5;241m=[39m [38;5;241m-[39m[38;5;241m1[39m [38;5;66;03m# fixau-vos amb el valor inicial[39;00m
[1;32m----> 8[0m nombre [38;5;241m=[39m [38;5;28mint[39m([38;5;28minput[39m([38;5;124m"[39m[38;5;124mintrodueix un nombre: [39m[38;5;124m"[39m))
[0;32m     10[0m [38;5;28;01mwhile[39;00m nombre [38;5;241m!=[39m fiSequencia:  [38;5;66;03m# mentre no final[39;00m
[0;32m     11[0m     [38;5;28;01mif[39;00m nombre_anterior [38;5;241m==[39m [38;5;241m1[39m [38;5;129;01mand[39;00m nombre [38;5;241m==[39m [38;5;241m2[39m:  [38;5;66;03m# Tractam la parella actual[39;00m

File [1;32m~\miniconda3\envs\material_programacio\Lib\site-packages\ipykernel\kernelbase.py:1281[0m, in [0;36mKernel.raw_input[1;34m(self, prompt)[0m
[0;32m   1279[0m [38;5;28;01mif[39;00m [38;5;129;01mnot[39;00m [38;5;28mself[39m[38;5;241m.[39m_allow_stdin:
[0;32m   1280[0m     msg [38;5;241m=[39m [38;5;124m"[39m[38;5;124mraw_input was called, but this frontend does not support input requests.[39m[38;5;124m"[39m
[1;32m-> 1281[0m     [38;5;28;01mraise[39;00m StdinNotImplementedError(msg)
[0;32m   1282[0m [38;5;28;01mreturn[39;00m [38;5;28mself[39m[38;5;241m.[39m_input_request(
[0;32m   1283[0m     [38;5;28mstr[39m(prompt),
[0;32m   1284[0m     [38;5;28mself[39m[38;5;241m.[39m_parent_ident[[38;5;124m"[39m[38;5;124mshell[39m[38;5;124m"[39m],
[0;32m   1285[0m     [38;5;28mself[39m[38;5;241m.[39mget_parent([38;5;124m"[39m[38;5;124mshell[39m[38;5;124m"[39m),
[0;32m   1286[0m     password[38;5;241m=[39m[38;5;28;01mFalse[39;00m,
[0;32m   1287[0m )

[1;31mStdinNotImplementedError[0m: raw_input was called, but this frontend does not support input requests.

