Traceback (most recent call last):
  File "C:\Users\gabri\miniconda3\envs\material_programacio\Lib\site-packages\jupyter_cache\executors\utils.py", line 58, in single_nb_execution
    executenb(
  File "C:\Users\gabri\miniconda3\envs\material_programacio\Lib\site-packages\nbclient\client.py", line 1319, in execute
    return NotebookClient(nb=nb, resources=resources, km=km, **kwargs).execute()
           ^^^^^^^^^^^^^^^^^^^^^^^^^^^^^^^^^^^^^^^^^^^^^^^^^^^^^^^^^^^^^^^^^^^^^
  File "C:\Users\gabri\miniconda3\envs\material_programacio\Lib\site-packages\jupyter_core\utils\__init__.py", line 165, in wrapped
    return loop.run_until_complete(inner)
           ^^^^^^^^^^^^^^^^^^^^^^^^^^^^^^
  File "C:\Users\gabri\miniconda3\envs\material_programacio\Lib\asyncio\base_events.py", line 654, in run_until_complete
    return future.result()
           ^^^^^^^^^^^^^^^
  File "C:\Users\gabri\miniconda3\envs\material_programacio\Lib\site-packages\nbclient\client.py", line 709, in async_execute
    await self.async_execute_cell(
  File "C:\Users\gabri\miniconda3\envs\material_programacio\Lib\site-packages\nbclient\client.py", line 1062, in async_execute_cell
    await self._check_raise_for_error(cell, cell_index, exec_reply)
  File "C:\Users\gabri\miniconda3\envs\material_programacio\Lib\site-packages\nbclient\client.py", line 918, in _check_raise_for_error
    raise CellExecutionError.from_cell_and_msg(cell, exec_reply_content)
nbclient.exceptions.CellExecutionError: An error occurred while executing the following cell:
------------------
n = int(input("introdueix el nombre de seqüències que vols tractar, et diré quina és la primera línia que conté un nombre primer"))

trobat = False # noteu el canvi, ja que si trobem a una seqüència ja no hem de cercar més
i = 0

while not trobat and i < n: # mentre no final;  # mentre no final; següent element
    # Tractar element actual (tota la seqüència)
    print(f"> seqüència {i}")
    nombre = int(input("introdueix un nombre enter positiu")) # primer element
    posicio = 0
    while not trobat and nombre != -1: # no final
        primer = True
        comparacio = nombre // 2
        while primer and comparacio > 1: # una nova cerca
            if nombre % comparacio == 0: #tractar element actual
                primer = False
        if primer:
            trobat = True
        else:
            nombre = int(input("introdueix un nombre enter positiu")) # següent element
    i += 1

if trobat:
    print(f"La primera línia amb un nombre senar és {posicio}")
else:
    print("No n'existeix cap")
------------------


[1;31m---------------------------------------------------------------------------[0m
[1;31mStdinNotImplementedError[0m                  Traceback (most recent call last)
Cell [1;32mIn[1], line 1[0m
[1;32m----> 1[0m n [38;5;241m=[39m [38;5;28mint[39m([38;5;28minput[39m([38;5;124m"[39m[38;5;124mintrodueix el nombre de seqüències que vols tractar, et diré quina és la primera línia que conté un nombre primer[39m[38;5;124m"[39m))
[0;32m      3[0m trobat [38;5;241m=[39m [38;5;28;01mFalse[39;00m [38;5;66;03m# noteu el canvi, ja que si trobem a una seqüència ja no hem de cercar més[39;00m
[0;32m      4[0m i [38;5;241m=[39m [38;5;241m0[39m

File [1;32m~\miniconda3\envs\material_programacio\Lib\site-packages\ipykernel\kernelbase.py:1281[0m, in [0;36mKernel.raw_input[1;34m(self, prompt)[0m
[0;32m   1279[0m [38;5;28;01mif[39;00m [38;5;129;01mnot[39;00m [38;5;28mself[39m[38;5;241m.[39m_allow_stdin:
[0;32m   1280[0m     msg [38;5;241m=[39m [38;5;124m"[39m[38;5;124mraw_input was called, but this frontend does not support input requests.[39m[38;5;124m"[39m
[1;32m-> 1281[0m     [38;5;28;01mraise[39;00m StdinNotImplementedError(msg)
[0;32m   1282[0m [38;5;28;01mreturn[39;00m [38;5;28mself[39m[38;5;241m.[39m_input_request(
[0;32m   1283[0m     [38;5;28mstr[39m(prompt),
[0;32m   1284[0m     [38;5;28mself[39m[38;5;241m.[39m_parent_ident[[38;5;124m"[39m[38;5;124mshell[39m[38;5;124m"[39m],
[0;32m   1285[0m     [38;5;28mself[39m[38;5;241m.[39mget_parent([38;5;124m"[39m[38;5;124mshell[39m[38;5;124m"[39m),
[0;32m   1286[0m     password[38;5;241m=[39m[38;5;28;01mFalse[39;00m,
[0;32m   1287[0m )

[1;31mStdinNotImplementedError[0m: raw_input was called, but this frontend does not support input requests.

